Determining if the pthread_create exist failed with the following output:
Change Dir: /home/connie/RoboSquad/build/CMakeFiles/CMakeTmp

Run Build Command:"/usr/bin/make" "cmTC_43bbe/fast"
/usr/bin/make -f CMakeFiles/cmTC_43bbe.dir/build.make CMakeFiles/cmTC_43bbe.dir/build
make[1]: Entering directory '/home/connie/RoboSquad/build/CMakeFiles/CMakeTmp'
Building C object CMakeFiles/cmTC_43bbe.dir/CheckSymbolExists.c.o
/usr/bin/cc     -o CMakeFiles/cmTC_43bbe.dir/CheckSymbolExists.c.o   -c /home/connie/RoboSquad/build/CMakeFiles/CMakeTmp/CheckSymbolExists.c
Linking C executable cmTC_43bbe
/usr/bin/cmake -E cmake_link_script CMakeFiles/cmTC_43bbe.dir/link.txt --verbose=1
/usr/bin/cc       CMakeFiles/cmTC_43bbe.dir/CheckSymbolExists.c.o  -o cmTC_43bbe -rdynamic 
CMakeFiles/cmTC_43bbe.dir/CheckSymbolExists.c.o: In function `main':
CheckSymbolExists.c:(.text+0x16): undefined reference to `pthread_create'
collect2: error: ld returned 1 exit status
CMakeFiles/cmTC_43bbe.dir/build.make:97: recipe for target 'cmTC_43bbe' failed
make[1]: *** [cmTC_43bbe] Error 1
make[1]: Leaving directory '/home/connie/RoboSquad/build/CMakeFiles/CMakeTmp'
Makefile:126: recipe for target 'cmTC_43bbe/fast' failed
make: *** [cmTC_43bbe/fast] Error 2

File /home/connie/RoboSquad/build/CMakeFiles/CMakeTmp/CheckSymbolExists.c:
/* */
#include <pthread.h>

int main(int argc, char** argv)
{
  (void)argv;
#ifndef pthread_create
  return ((int*)(&pthread_create))[argc];
#else
  (void)argc;
  return 0;
#endif
}

Determining if the function pthread_create exists in the pthreads failed with the following output:
Change Dir: /home/connie/RoboSquad/build/CMakeFiles/CMakeTmp

Run Build Command:"/usr/bin/make" "cmTC_6ee11/fast"
/usr/bin/make -f CMakeFiles/cmTC_6ee11.dir/build.make CMakeFiles/cmTC_6ee11.dir/build
make[1]: Entering directory '/home/connie/RoboSquad/build/CMakeFiles/CMakeTmp'
Building C object CMakeFiles/cmTC_6ee11.dir/CheckFunctionExists.c.o
/usr/bin/cc    -DCHECK_FUNCTION_EXISTS=pthread_create   -o CMakeFiles/cmTC_6ee11.dir/CheckFunctionExists.c.o   -c /usr/share/cmake-3.5/Modules/CheckFunctionExists.c
Linking C executable cmTC_6ee11
/usr/bin/cmake -E cmake_link_script CMakeFiles/cmTC_6ee11.dir/link.txt --verbose=1
/usr/bin/cc   -DCHECK_FUNCTION_EXISTS=pthread_create    CMakeFiles/cmTC_6ee11.dir/CheckFunctionExists.c.o  -o cmTC_6ee11 -rdynamic -lpthreads 
/usr/bin/ld: cannot find -lpthreads
collect2: error: ld returned 1 exit status
CMakeFiles/cmTC_6ee11.dir/build.make:97: recipe for target 'cmTC_6ee11' failed
make[1]: *** [cmTC_6ee11] Error 1
make[1]: Leaving directory '/home/connie/RoboSquad/build/CMakeFiles/CMakeTmp'
Makefile:126: recipe for target 'cmTC_6ee11/fast' failed
make: *** [cmTC_6ee11/fast] Error 2


